<?xml version="1.0" encoding="UTF-8"?>
<testsuite name="library.lv3.usecase.GetAllBooksUseCaseTest" tests="2" skipped="0" failures="0" errors="0" timestamp="2023-03-07T09:01:16" hostname="kb-vivo" time="0.008">
  <properties/>
  <testcase name="givenNoBooks_whenGet_returnsEmptyResponse()" classname="library.lv3.usecase.GetAllBooksUseCaseTest" time="0.003"/>
  <testcase name="givenBooks_whenGet_returnsEmptyResponse()" classname="library.lv3.usecase.GetAllBooksUseCaseTest" time="0.003"/>
  <system-out><![CDATA[]]></system-out>
  <system-err><![CDATA[]]></system-err>
</testsuite>
