<?xml version="1.0" encoding="UTF-8"?>
<testsuite name="library.lv1.entity.BookTest" tests="3" skipped="0" failures="0" errors="0" timestamp="2023-03-07T09:01:15" hostname="kb-vivo" time="0.036">
  <properties/>
  <testcase name="givenNegativeId_whenNewOrder_thenThrows()" classname="library.lv1.entity.BookTest" time="0.029"/>
  <testcase name="givenNonNegativeId_whenNewOrder_thenSuccess()" classname="library.lv1.entity.BookTest" time="0.001"/>
  <testcase name="getTitle()" classname="library.lv1.entity.BookTest" time="0.004"/>
  <system-out><![CDATA[]]></system-out>
  <system-err><![CDATA[]]></system-err>
</testsuite>
