<?xml version="1.0" encoding="UTF-8"?>
<testsuite name="library.lv3.usecase.AddNewBookUseCaseTest" tests="2" skipped="0" failures="0" errors="0" timestamp="2023-03-07T09:01:16" hostname="kb-vivo" time="0.599">
  <properties/>
  <testcase name="givenCorrectBook_whenAdd_thenSaveAndEmail()" classname="library.lv3.usecase.AddNewBookUseCaseTest" time="0.594"/>
  <testcase name="givenIncorrectBook_whenAdd_thenThrowsAndNoEmail()" classname="library.lv3.usecase.AddNewBookUseCaseTest" time="0.004"/>
  <system-out><![CDATA[]]></system-out>
  <system-err><![CDATA[]]></system-err>
</testsuite>
