<?xml version="1.0" encoding="UTF-8"?>
<testsuite name="server.db.FilmServiceImplTest" tests="6" skipped="0" failures="0" errors="0" timestamp="2021-05-14T15:18:15" hostname="kb-Lenovo-ideapad-330-17IKB" time="0.787">
  <properties/>
  <testcase name="givenExistsId_whenFindById_thenSuccess()" classname="server.db.FilmServiceImplTest" time="0.223"/>
  <testcase name="givenExistFilm_whenSave_thenSuccessfulUpdate()" classname="server.db.FilmServiceImplTest" time="0.476"/>
  <testcase name="findAll()" classname="server.db.FilmServiceImplTest" time="0.02"/>
  <testcase name="givenNewFilm_whenSave_thenSuccessfulInsert()" classname="server.db.FilmServiceImplTest" time="0.027"/>
  <testcase name="givenUnknownId_whenFindById_thenEmpty()" classname="server.db.FilmServiceImplTest" time="0.019"/>
  <testcase name="findAllLikeTitle()" classname="server.db.FilmServiceImplTest" time="0.018"/>
  <system-out><![CDATA[]]></system-out>
  <system-err><![CDATA[]]></system-err>
</testsuite>
