<?xml version="1.0" encoding="UTF-8"?>
<testsuite name="server.controller.render.HtmlRenderTest" tests="1" skipped="0" failures="0" errors="0" timestamp="2021-05-14T15:18:16" hostname="kb-Lenovo-ideapad-330-17IKB" time="0.018">
  <properties/>
  <testcase name="getValue()" classname="server.controller.render.HtmlRenderTest" time="0.018"/>
  <system-out><![CDATA[]]></system-out>
  <system-err><![CDATA[]]></system-err>
</testsuite>
