<?xml version="1.0" encoding="UTF-8"?>
<testsuite name="server.net.response.JsonResponseContentTest" tests="2" skipped="0" failures="0" errors="0" timestamp="2021-05-14T15:18:16" hostname="kb-Lenovo-ideapad-330-17IKB" time="0.002">
  <properties/>
  <testcase name="getBuf()" classname="server.net.response.JsonResponseContentTest" time="0.001"/>
  <testcase name="getContentType()" classname="server.net.response.JsonResponseContentTest" time="0.0"/>
  <system-out><![CDATA[]]></system-out>
  <system-err><![CDATA[]]></system-err>
</testsuite>
