<?xml version="1.0" encoding="UTF-8"?>
<testsuite name="api.ObjectMapperTest" tests="2" skipped="0" failures="0" errors="0" timestamp="2021-05-14T15:18:14" hostname="kb-Lenovo-ideapad-330-17IKB" time="0.538">
  <properties/>
  <testcase name="testXml()" classname="api.ObjectMapperTest" time="0.53"/>
  <testcase name="testJson()" classname="api.ObjectMapperTest" time="0.007"/>
  <system-out><![CDATA[]]></system-out>
  <system-err><![CDATA[[Test worker] INFO api.ObjectMapperTest - <MarshallingClass><x>11</x><y>qwerty asddfg</y><list><list>qwe</list><list>asd</list><list>zxc</list></list><objects><objects><x>2</x><y>asd</y><list><list>zs</list><list>xc</list><list>cv</list></list><objects><objects><x>3</x><y>yui</y></objects></objects></objects><objects><x>4</x><y>ghj ghj ghj</y><list><list>55</list><list>66</list><list>77</list></list><objects/></objects></objects></MarshallingClass>
[Test worker] INFO api.ObjectMapperTest - {"x":11,"y":"qwerty asddfg","list":["qwe","asd","zxc"],"objects":[{"x":2,"y":"asd","list":["zs","xc","cv"],"objects":[{"x":3,"y":"yui","list":null,"objects":null}]},{"x":4,"y":"ghj ghj ghj","list":["55","66","77"],"objects":[]}]}
]]></system-err>
</testsuite>
